app/build/intermediates/manifest_merge_blame_file/debug/manifest-merger-blame-debug-report.txt
1<?xml version="1.0" encoding="utf-8"?>
2<manifest xmlns:android="http://schemas.android.com/apk/res/android"
3    package="com.twinslooktm.twinslooktmapp"
4    android:versionCode="63"
5    android:versionName="3.2" >
6
7    <uses-sdk
7-->src\main\AndroidManifest.xml:6:5-70
8        android:minSdkVersion="17"
8-->src\main\AndroidManifest.xml:6:5-70
9        android:targetSdkVersion="30" />
9-->src\main\AndroidManifest.xml:6:5-70
10    <!-- for card.io card scanning -->
11    <uses-feature
11-->src\main\AndroidManifest.xml:8:5-10:36
12        android:name="android.hardware.camera"
12-->src\main\AndroidManifest.xml:9:9-47
13        android:required="false" />
13-->src\main\AndroidManifest.xml:10:9-33
14    <uses-feature
14-->src\main\AndroidManifest.xml:11:5-13:36
15        android:name="android.hardware.camera.autofocus"
15-->src\main\AndroidManifest.xml:12:9-57
16        android:required="false" />
16-->src\main\AndroidManifest.xml:13:9-33
17
18    <uses-permission android:name="android.permission.VIBRATE" />
18-->src\main\AndroidManifest.xml:15:5-66
18-->src\main\AndroidManifest.xml:15:22-63
19    <uses-permission android:name="com.android.vending.BILLING" />
19-->src\main\AndroidManifest.xml:16:5-67
19-->src\main\AndroidManifest.xml:16:22-64
20    <uses-permission android:name="android.permission.CAMERA" />
20-->src\main\AndroidManifest.xml:17:5-65
20-->src\main\AndroidManifest.xml:17:22-62
21    <uses-permission android:name="android.permission.INTERNET" />
21-->src\main\AndroidManifest.xml:18:5-67
21-->src\main\AndroidManifest.xml:18:22-64
22    <uses-permission android:name="android.permission.ACCESS_NETWORK_STATE" />
22-->src\main\AndroidManifest.xml:19:5-79
22-->src\main\AndroidManifest.xml:19:22-76
23    <uses-permission android:name="android.permission.READ_EXTERNAL_STORAGE" />
23-->src\main\AndroidManifest.xml:20:5-80
23-->src\main\AndroidManifest.xml:20:22-77
24    <uses-permission android:name="android.permission.ACCESS_WIFI_STATE" />
24-->src\main\AndroidManifest.xml:21:5-76
24-->src\main\AndroidManifest.xml:21:22-73
25    <uses-permission android:name="android.permission.CALL_PHONE" />
25-->src\main\AndroidManifest.xml:22:5-69
25-->src\main\AndroidManifest.xml:22:22-66
26    <uses-permission android:name="android.permission.ACCESS_FINE_LOCATION" />
26-->src\main\AndroidManifest.xml:23:5-79
26-->src\main\AndroidManifest.xml:23:22-76
27    <uses-permission android:name="android.permission.WRITE_EXTERNAL_STORAGE" />
27-->src\main\AndroidManifest.xml:24:5-81
27-->src\main\AndroidManifest.xml:24:22-78
28    <uses-permission android:name="android.permission.READ_PHONE_STATE" />
28-->src\main\AndroidManifest.xml:25:5-75
28-->src\main\AndroidManifest.xml:25:22-72
29    <uses-permission android:name="android.permission.ACCESS_COARSE_LOCATION" />
29-->src\main\AndroidManifest.xml:26:5-81
29-->src\main\AndroidManifest.xml:26:22-78
30
31    <uses-feature
31-->[com.google.android.gms:play-services-maps:17.0.0] AndroidManifest.xml:26:5-28:35
32        android:glEsVersion="0x00020000"
32-->[com.google.android.gms:play-services-maps:17.0.0] AndroidManifest.xml:27:9-41
33        android:required="true" /> <!-- Optional permission for Analytics to run. -->
33-->[com.google.android.gms:play-services-maps:17.0.0] AndroidManifest.xml:28:9-32
34    <uses-permission android:name="android.permission.WAKE_LOCK" />
34-->[com.google.android.gms:play-services-analytics:17.0.0] AndroidManifest.xml:27:5-68
34-->[com.google.android.gms:play-services-analytics:17.0.0] AndroidManifest.xml:27:22-65
35
36    <uses-feature
36-->[com.mapbox.mapboxsdk:mapbox-android-sdk:8.4.0] AndroidManifest.xml:12:5-14:36
37        android:name="android.hardware.wifi"
37-->[com.mapbox.mapboxsdk:mapbox-android-sdk:8.4.0] AndroidManifest.xml:13:9-45
38        android:required="false" /> <!-- Required by older versions of Google Play services to create IID tokens -->
38-->[com.mapbox.mapboxsdk:mapbox-android-sdk:8.4.0] AndroidManifest.xml:14:9-33
39    <uses-permission android:name="com.google.android.c2dm.permission.RECEIVE" />
39-->[com.google.firebase:firebase-iid:21.0.0] AndroidManifest.xml:26:5-82
39-->[com.google.firebase:firebase-iid:21.0.0] AndroidManifest.xml:26:22-79
40    <uses-permission android:name="com.google.android.finsky.permission.BIND_GET_INSTALL_REFERRER_SERVICE" />
40-->[com.google.android.gms:play-services-measurement:18.0.0] AndroidManifest.xml:26:5-110
40-->[com.google.android.gms:play-services-measurement:18.0.0] AndroidManifest.xml:26:22-107
41    <uses-permission android:name="android.permission.RECEIVE_BOOT_COMPLETED" />
41-->[androidx.work:work-runtime:2.1.0] AndroidManifest.xml:27:5-81
41-->[androidx.work:work-runtime:2.1.0] AndroidManifest.xml:27:22-78
42
43    <application
43-->src\main\AndroidManifest.xml:28:5-257:19
44        android:name="com.twinslooktm.twinslooktmapp.App"
44-->src\main\AndroidManifest.xml:29:9-58
45        android:allowBackup="true"
45-->src\main\AndroidManifest.xml:30:9-35
46        android:appComponentFactory="androidx.core.app.CoreComponentFactory"
46-->[androidx.core:core:1.3.1] AndroidManifest.xml:24:18-86
47        android:debuggable="true"
48        android:icon="@mipmap/ic_launcher"
48-->src\main\AndroidManifest.xml:31:9-43
49        android:label="@string/app_name"
49-->src\main\AndroidManifest.xml:32:9-41
50        android:largeHeap="true"
50-->src\main\AndroidManifest.xml:33:9-33
51        android:requestLegacyExternalStorage="true"
51-->src\main\AndroidManifest.xml:34:9-52
52        android:roundIcon="@mipmap/ic_launcher_round"
52-->src\main\AndroidManifest.xml:35:9-54
53        android:screenOrientation="portrait"
53-->src\main\AndroidManifest.xml:36:9-45
54        android:supportsRtl="true"
54-->src\main\AndroidManifest.xml:37:9-35
55        android:theme="@style/AppTheme"
55-->src\main\AndroidManifest.xml:38:9-40
56        android:usesCleartextTraffic="true" >
56-->src\main\AndroidManifest.xml:39:9-44
57        <activity android:name="com.twinslooktm.twinslooktmapp.packages.AuthorizeNet" />
57-->src\main\AndroidManifest.xml:40:9-89
57-->src\main\AndroidManifest.xml:40:19-86
58        <activity android:name="com.twinslooktm.twinslooktmapp.LinkedIn.LinkedInAuthenticationActivity" />
58-->src\main\AndroidManifest.xml:41:9-107
58-->src\main\AndroidManifest.xml:41:19-104
59        <activity
59-->src\main\AndroidManifest.xml:42:9-44:59
60            android:name="com.twinslooktm.twinslooktmapp.packages.WorldPayIntegration"
60-->src\main\AndroidManifest.xml:43:13-87
61            android:theme="@style/AppTheme.NoActionBar" />
61-->src\main\AndroidManifest.xml:44:13-56
62        <activity android:name="com.twinslooktm.twinslooktmapp.packages.PayHereIntegration" />
62-->src\main\AndroidManifest.xml:45:9-95
62-->src\main\AndroidManifest.xml:45:19-92
63        <activity
63-->src\main\AndroidManifest.xml:46:9-48:59
64            android:name="com.twinslooktm.twinslooktmapp.packages.PayStack"
64-->src\main\AndroidManifest.xml:47:13-76
65            android:theme="@style/AppTheme.NoActionBar" />
65-->src\main\AndroidManifest.xml:48:13-56
66        <activity
66-->src\main\AndroidManifest.xml:49:9-53:55
67            android:name="com.twinslooktm.twinslooktmapp.home.ChooseLanguageActivity"
67-->src\main\AndroidManifest.xml:50:13-86
68            android:screenOrientation="nosensor"
68-->src\main\AndroidManifest.xml:51:13-49
69            android:theme="@style/AppTheme.NoActionBar"
69-->src\main\AndroidManifest.xml:52:13-56
70            android:windowSoftInputMode="adjustPan" />
70-->src\main\AndroidManifest.xml:53:13-52
71        <activity
71-->src\main\AndroidManifest.xml:54:9-62:20
72            android:name="com.twinslooktm.twinslooktmapp.SplashScreen"
72-->src\main\AndroidManifest.xml:55:13-71
73            android:screenOrientation="nosensor" >
73-->src\main\AndroidManifest.xml:56:13-49
74            <intent-filter>
74-->src\main\AndroidManifest.xml:57:13-61:29
75                <action android:name="android.intent.action.MAIN" />
75-->src\main\AndroidManifest.xml:58:17-69
75-->src\main\AndroidManifest.xml:58:25-66
76
77                <category android:name="android.intent.category.LAUNCHER" />
77-->src\main\AndroidManifest.xml:60:17-77
77-->src\main\AndroidManifest.xml:60:27-74
78            </intent-filter>
79        </activity>
80        <activity
80-->src\main\AndroidManifest.xml:63:9-65:52
81            android:name="com.twinslooktm.twinslooktmapp.signinorup.MainActivity"
81-->src\main\AndroidManifest.xml:64:13-82
82            android:screenOrientation="nosensor" />
82-->src\main\AndroidManifest.xml:65:13-49
83        <activity
83-->src\main\AndroidManifest.xml:66:9-69:48
84            android:name="com.facebook.FacebookActivity"
84-->src\main\AndroidManifest.xml:67:13-57
85            android:configChanges="keyboard|keyboardHidden|screenLayout|screenSize|orientation"
85-->src\main\AndroidManifest.xml:68:13-96
86            android:label="@string/app_name"
86-->src\main\AndroidManifest.xml:69:13-45
87            android:theme="@style/com_facebook_activity_theme" />
87-->[com.facebook.android:facebook-common:7.0.0] AndroidManifest.xml:33:13-63
88        <activity
88-->src\main\AndroidManifest.xml:70:9-81:20
89            android:name="com.facebook.CustomTabActivity"
89-->src\main\AndroidManifest.xml:71:13-58
90            android:exported="true" >
90-->src\main\AndroidManifest.xml:72:13-36
91            <intent-filter>
91-->src\main\AndroidManifest.xml:73:13-80:29
92                <action android:name="android.intent.action.VIEW" />
92-->src\main\AndroidManifest.xml:74:17-69
92-->src\main\AndroidManifest.xml:74:25-66
93
94                <category android:name="android.intent.category.DEFAULT" />
94-->src\main\AndroidManifest.xml:76:17-76
94-->src\main\AndroidManifest.xml:76:27-73
95                <category android:name="android.intent.category.BROWSABLE" />
95-->src\main\AndroidManifest.xml:77:17-78
95-->src\main\AndroidManifest.xml:77:27-75
96
97                <data android:scheme="@string/fb_login_protocol_scheme" />
97-->src\main\AndroidManifest.xml:79:17-75
97-->src\main\AndroidManifest.xml:79:23-72
98            </intent-filter>
99            <intent-filter>
99-->[com.facebook.android:facebook-common:7.0.0] AndroidManifest.xml:39:13-48:29
100                <action android:name="android.intent.action.VIEW" />
100-->src\main\AndroidManifest.xml:74:17-69
100-->src\main\AndroidManifest.xml:74:25-66
101
102                <category android:name="android.intent.category.DEFAULT" />
102-->src\main\AndroidManifest.xml:76:17-76
102-->src\main\AndroidManifest.xml:76:27-73
103                <category android:name="android.intent.category.BROWSABLE" />
103-->src\main\AndroidManifest.xml:77:17-78
103-->src\main\AndroidManifest.xml:77:27-75
104
105                <data
105-->src\main\AndroidManifest.xml:79:17-75
106                    android:host="cct.com.twinslooktm.twinslooktmapp"
107                    android:scheme="fbconnect" />
107-->src\main\AndroidManifest.xml:79:23-72
108            </intent-filter>
109        </activity>
110        <activity
110-->src\main\AndroidManifest.xml:82:9-93:20
111            android:name="com.twinslooktm.twinslooktmapp.home.HomeActivity"
111-->src\main\AndroidManifest.xml:83:13-76
112            android:screenOrientation="nosensor"
112-->src\main\AndroidManifest.xml:84:13-49
113            android:theme="@style/AppTheme.NoActionBar"
113-->src\main\AndroidManifest.xml:85:13-56
114            android:uiOptions="splitActionBarWhenNarrow"
114-->src\main\AndroidManifest.xml:86:13-57
115            android:windowSoftInputMode="adjustPan" >
115-->src\main\AndroidManifest.xml:87:13-52
116            <intent-filter>
116-->src\main\AndroidManifest.xml:88:13-92:29
117                <action android:name="android.intent.action.SEND" />
117-->src\main\AndroidManifest.xml:89:17-69
117-->src\main\AndroidManifest.xml:89:25-66
118
119                <category android:name="android.intent.category.DEFAULT" />
119-->src\main\AndroidManifest.xml:76:17-76
119-->src\main\AndroidManifest.xml:76:27-73
120            </intent-filter>
121        </activity>
122        <activity
122-->src\main\AndroidManifest.xml:94:9-102:20
123            android:name="com.twinslooktm.twinslooktmapp.Search.SearchActivity"
123-->src\main\AndroidManifest.xml:95:13-80
124            android:screenOrientation="nosensor"
124-->src\main\AndroidManifest.xml:96:13-49
125            android:theme="@style/AppTheme.NoActionBar"
125-->src\main\AndroidManifest.xml:97:13-56
126            android:windowSoftInputMode="adjustPan" >
126-->src\main\AndroidManifest.xml:98:13-52
127            <meta-data
127-->src\main\AndroidManifest.xml:99:13-101:84
128                android:name="android.support.PARENT_ACTIVITY"
128-->src\main\AndroidManifest.xml:100:17-63
129                android:value="com.twinslooktm.twinslooktmapp.home.HomeActivity" />
129-->src\main\AndroidManifest.xml:101:17-81
130        </activity>
131        <activity
131-->src\main\AndroidManifest.xml:103:9-110:20
132            android:name="com.twinslooktm.twinslooktmapp.messages.Message"
132-->src\main\AndroidManifest.xml:104:13-75
133            android:screenOrientation="nosensor"
133-->src\main\AndroidManifest.xml:105:13-49
134            android:theme="@style/AppTheme.NoActionBar" >
134-->src\main\AndroidManifest.xml:106:13-56
135            <meta-data
135-->src\main\AndroidManifest.xml:99:13-101:84
136                android:name="android.support.PARENT_ACTIVITY"
136-->src\main\AndroidManifest.xml:100:17-63
137                android:value="com.twinslooktm.twinslooktmapp.home.HomeActivity" />
137-->src\main\AndroidManifest.xml:101:17-81
138        </activity>
139        <activity
139-->src\main\AndroidManifest.xml:111:9-119:20
140            android:name="com.twinslooktm.twinslooktmapp.messages.ChatActivity"
140-->src\main\AndroidManifest.xml:112:13-80
141            android:parentActivityName="com.twinslooktm.twinslooktmapp.messages.Message"
141-->src\main\AndroidManifest.xml:113:13-89
142            android:screenOrientation="nosensor"
142-->src\main\AndroidManifest.xml:114:13-49
143            android:theme="@style/AppTheme.NoActionBar" >
143-->src\main\AndroidManifest.xml:115:13-56
144            <meta-data
144-->src\main\AndroidManifest.xml:99:13-101:84
145                android:name="android.support.PARENT_ACTIVITY"
145-->src\main\AndroidManifest.xml:100:17-63
146                android:value="com.twinslooktm.twinslooktmapp.messages.Message" />
146-->src\main\AndroidManifest.xml:101:17-81
147        </activity>
148        <activity
148-->src\main\AndroidManifest.xml:120:9-128:20
149            android:name="com.twinslooktm.twinslooktmapp.home.AddNewAdPost"
149-->src\main\AndroidManifest.xml:121:13-76
150            android:parentActivityName="com.twinslooktm.twinslooktmapp.home.HomeActivity"
150-->src\main\AndroidManifest.xml:122:13-90
151            android:screenOrientation="nosensor"
151-->src\main\AndroidManifest.xml:123:13-49
152            android:theme="@style/AppTheme.NoActionBar" >
152-->src\main\AndroidManifest.xml:124:13-56
153            <meta-data
153-->src\main\AndroidManifest.xml:99:13-101:84
154                android:name="android.support.PARENT_ACTIVITY"
154-->src\main\AndroidManifest.xml:100:17-63
155                android:value="com.twinslooktm.twinslooktmapp.home.HomeActivity" />
155-->src\main\AndroidManifest.xml:101:17-81
156        </activity>
157        <activity
157-->src\main\AndroidManifest.xml:129:9-137:20
158            android:name="com.twinslooktm.twinslooktmapp.home.EditAdPost"
158-->src\main\AndroidManifest.xml:130:13-74
159            android:parentActivityName="com.twinslooktm.twinslooktmapp.home.HomeActivity"
159-->src\main\AndroidManifest.xml:131:13-90
160            android:screenOrientation="nosensor"
160-->src\main\AndroidManifest.xml:132:13-49
161            android:theme="@style/AppTheme.NoActionBar" >
161-->src\main\AndroidManifest.xml:133:13-56
162            <meta-data
162-->src\main\AndroidManifest.xml:99:13-101:84
163                android:name="android.support.PARENT_ACTIVITY"
163-->src\main\AndroidManifest.xml:100:17-63
164                android:value="com.twinslooktm.twinslooktmapp.home.HomeActivity" />
164-->src\main\AndroidManifest.xml:101:17-81
165        </activity>
166        <activity
166-->src\main\AndroidManifest.xml:138:9-141:72
167            android:name="com.twinslooktm.twinslooktmapp.packages.Thankyou"
167-->src\main\AndroidManifest.xml:139:13-76
168            android:screenOrientation="nosensor"
168-->src\main\AndroidManifest.xml:140:13-49
169            android:theme="@style/Theme.AppCompat.Light.NoActionBar" />
169-->src\main\AndroidManifest.xml:141:13-69
170        <activity
170-->src\main\AndroidManifest.xml:142:9-151:20
171            android:name="com.twinslooktm.twinslooktmapp.ad_detail.Ad_detail_activity"
171-->src\main\AndroidManifest.xml:143:13-87
172            android:parentActivityName="com.twinslooktm.twinslooktmapp.home.HomeActivity"
172-->src\main\AndroidManifest.xml:144:13-90
173            android:screenOrientation="nosensor"
173-->src\main\AndroidManifest.xml:145:13-49
174            android:theme="@style/AppTheme.NoActionBar"
174-->src\main\AndroidManifest.xml:146:13-56
175            android:windowSoftInputMode="adjustPan" >
175-->src\main\AndroidManifest.xml:147:13-52
176            <meta-data
176-->src\main\AndroidManifest.xml:99:13-101:84
177                android:name="android.support.PARENT_ACTIVITY"
177-->src\main\AndroidManifest.xml:100:17-63
178                android:value="com.twinslooktm.twinslooktmapp.home.HomeActivity" />
178-->src\main\AndroidManifest.xml:101:17-81
179        </activity>
180        <activity
180-->src\main\AndroidManifest.xml:152:9-154:52
181            android:name="com.twinslooktm.twinslooktmapp.packages.StripePayment"
181-->src\main\AndroidManifest.xml:153:13-81
182            android:screenOrientation="nosensor" />
182-->src\main\AndroidManifest.xml:154:13-49
183        <activity
183-->src\main\AndroidManifest.xml:155:9-157:52
184            android:name="com.twinslooktm.twinslooktmapp.packages.InAppPurchaseActivity"
184-->src\main\AndroidManifest.xml:156:13-89
185            android:screenOrientation="nosensor" />
185-->src\main\AndroidManifest.xml:157:13-49
186        <activity
186-->src\main\AndroidManifest.xml:158:9-166:20
187            android:name="com.twinslooktm.twinslooktmapp.Shop.shopActivity"
187-->src\main\AndroidManifest.xml:159:13-76
188            android:screenOrientation="nosensor"
188-->src\main\AndroidManifest.xml:160:13-49
189            android:theme="@style/AppTheme.NoActionBar"
189-->src\main\AndroidManifest.xml:161:13-56
190            android:windowSoftInputMode="adjustPan" >
190-->src\main\AndroidManifest.xml:162:13-52
191            <meta-data
191-->src\main\AndroidManifest.xml:99:13-101:84
192                android:name="android.support.PARENT_ACTIVITY"
192-->src\main\AndroidManifest.xml:100:17-63
193                android:value="com.twinslooktm.twinslooktmapp.home.HomeActivity" />
193-->src\main\AndroidManifest.xml:101:17-81
194        </activity>
195        <activity
195-->src\main\AndroidManifest.xml:167:9-173:20
196            android:name="com.twinslooktm.twinslooktmapp.Settings.Settings"
196-->src\main\AndroidManifest.xml:168:13-76
197            android:screenOrientation="nosensor" >
197-->src\main\AndroidManifest.xml:169:13-49
198            <meta-data
198-->src\main\AndroidManifest.xml:99:13-101:84
199                android:name="android.support.PARENT_ACTIVITY"
199-->src\main\AndroidManifest.xml:100:17-63
200                android:value="com.twinslooktm.twinslooktmapp.home.HomeActivity" />
200-->src\main\AndroidManifest.xml:101:17-81
201        </activity>
202        <activity
202-->src\main\AndroidManifest.xml:174:9-177:72
203            android:name="com.twinslooktm.twinslooktmapp.ad_detail.full_screen_image.FullScreenViewActivity"
203-->src\main\AndroidManifest.xml:175:13-109
204            android:screenOrientation="nosensor"
204-->src\main\AndroidManifest.xml:176:13-49
205            android:theme="@style/Theme.AppCompat.Light.NoActionBar" />
205-->src\main\AndroidManifest.xml:177:13-69
206        <activity android:name="com.paypal.android.sdk.payments.PaymentActivity" />
206-->src\main\AndroidManifest.xml:178:9-84
206-->src\main\AndroidManifest.xml:178:19-81
207        <activity android:name="com.paypal.android.sdk.payments.LoginActivity" />
207-->src\main\AndroidManifest.xml:179:9-82
207-->src\main\AndroidManifest.xml:179:19-79
208        <activity android:name="com.paypal.android.sdk.payments.PaymentMethodActivity" />
208-->src\main\AndroidManifest.xml:180:9-90
208-->src\main\AndroidManifest.xml:180:19-87
209        <activity android:name="com.paypal.android.sdk.payments.PaymentConfirmActivity" /> <!-- Full screen image Viewer -->
209-->src\main\AndroidManifest.xml:181:9-91
209-->src\main\AndroidManifest.xml:181:19-88
210        <meta-data
210-->src\main\AndroidManifest.xml:182:9-184:52
211            android:name="com.google.android.gms.ads.APPLICATION_ID"
211-->src\main\AndroidManifest.xml:183:13-69
212            android:value="@string/Admob_app_id" /> <!-- Google Analytcis -->
212-->src\main\AndroidManifest.xml:184:13-49
213        <meta-data
213-->src\main\AndroidManifest.xml:185:9-187:69
214            android:name="com.google.android.gms.version"
214-->src\main\AndroidManifest.xml:186:13-58
215            android:value="@integer/google_play_services_version" />
215-->src\main\AndroidManifest.xml:187:13-66
216        <meta-data
216-->src\main\AndroidManifest.xml:188:9-190:71
217            android:name="com.google.android.geo.API_KEY"
217-->src\main\AndroidManifest.xml:189:13-58
218            android:value="AIzaSyDkRxdKz94m2oJeglivzaknm2sgoD7Di6c" />
218-->src\main\AndroidManifest.xml:190:13-68
219        <meta-data
219-->src\main\AndroidManifest.xml:191:9-193:55
220            android:name="com.facebook.sdk.ApplicationId"
220-->src\main\AndroidManifest.xml:192:13-58
221            android:value="@string/facebook_app_id" />
221-->src\main\AndroidManifest.xml:193:13-52
222
223        <receiver
223-->src\main\AndroidManifest.xml:195:9-201:20
224            android:name="com.google.android.gms.analytics.AnalyticsReceiver"
224-->src\main\AndroidManifest.xml:196:13-78
225            android:enabled="true"
225-->src\main\AndroidManifest.xml:197:13-35
226            android:exported="false" >
226-->[com.google.android.gms:play-services-analytics:17.0.0] AndroidManifest.xml:33:13-37
227            <intent-filter>
227-->src\main\AndroidManifest.xml:198:13-200:29
228                <action android:name="com.google.android.gms.analytics.ANALYTICS_DISPATCH" />
228-->src\main\AndroidManifest.xml:199:17-94
228-->src\main\AndroidManifest.xml:199:25-91
229            </intent-filter>
230        </receiver> <!-- Google Analytics -->
231        <!-- Firebase Notifications -->
232        <receiver
232-->src\main\AndroidManifest.xml:203:9-209:20
233            android:name="com.google.android.gms.analytics.CampaignTrackingReceiver"
233-->src\main\AndroidManifest.xml:204:13-85
234            android:exported="true" >
234-->src\main\AndroidManifest.xml:205:13-36
235            <intent-filter>
235-->src\main\AndroidManifest.xml:206:13-208:29
236                <action android:name="com.android.vending.INSTALL_REFERRER" />
236-->src\main\AndroidManifest.xml:207:17-79
236-->src\main\AndroidManifest.xml:207:25-76
237            </intent-filter>
238        </receiver> <!-- <service -->
239        <!-- android:name=".Notification.MyFirebaseInstanceIDService" -->
240        <!-- &gt; -->
241        <!-- <intent-filter> -->
242        <!-- <action android:name="com.google.firebase.MESSAGING_EVENT"/> -->
243        <!-- </intent-filter> -->
244        <!-- </service> &lt;!&ndash; ./Firebase Notifications &ndash;&gt; -->
245        <!-- PayPal -->
246        <receiver android:name="com.twinslooktm.twinslooktmapp.utills.NoInternet.NetwordStateManager" >
246-->src\main\AndroidManifest.xml:217:9-222:20
246-->src\main\AndroidManifest.xml:217:19-102
247            <intent-filter>
247-->src\main\AndroidManifest.xml:218:13-221:29
248                <action android:name="android.net.conn.CONNECTIVITY_CHANGE" />
248-->src\main\AndroidManifest.xml:219:17-79
248-->src\main\AndroidManifest.xml:219:25-76
249                <action android:name="android.net.wifi.WIFI_STATE_CHANGED" />
249-->src\main\AndroidManifest.xml:220:17-78
249-->src\main\AndroidManifest.xml:220:25-75
250            </intent-filter>
251        </receiver>
252
253        <service
253-->src\main\AndroidManifest.xml:224:9-227:40
254            android:name="com.google.android.gms.analytics.AnalyticsService"
254-->src\main\AndroidManifest.xml:225:13-77
255            android:enabled="true"
255-->src\main\AndroidManifest.xml:226:13-35
256            android:exported="false" />
256-->src\main\AndroidManifest.xml:227:13-37
257        <service android:name="com.google.android.gms.analytics.CampaignTrackingService" />
257-->src\main\AndroidManifest.xml:228:9-92
257-->src\main\AndroidManifest.xml:228:18-89
258        <service
258-->src\main\AndroidManifest.xml:229:9-235:19
259            android:name="com.twinslooktm.twinslooktmapp.Notification.MyFirebaseMessagingService"
259-->src\main\AndroidManifest.xml:230:13-98
260            android:exported="false" >
260-->src\main\AndroidManifest.xml:231:13-37
261            <intent-filter>
261-->src\main\AndroidManifest.xml:232:13-234:29
262                <action android:name="com.google.firebase.MESSAGING_EVENT" />
262-->src\main\AndroidManifest.xml:233:17-78
262-->src\main\AndroidManifest.xml:233:25-75
263            </intent-filter>
264        </service>
265        <service
265-->src\main\AndroidManifest.xml:236:9-238:40
266            android:name="com.paypal.android.sdk.payments.PayPalService"
266-->src\main\AndroidManifest.xml:237:13-73
267            android:exported="false" /> <!-- <activity -->
267-->src\main\AndroidManifest.xml:238:13-37
268        <!-- android:name="io.card.payment.CardIOActivity" -->
269        <!-- android:configChanges="keyboardHidden|orientation" /> -->
270        <!-- <activity android:name="io.card.payment.DataEntryActivity" /> -->
271        <!-- PayPal -->
272        <uses-library
272-->src\main\AndroidManifest.xml:243:9-245:40
273            android:name="org.apache.http.legacy"
273-->src\main\AndroidManifest.xml:244:13-50
274            android:required="false" />
274-->src\main\AndroidManifest.xml:245:13-37
275
276        <provider
277            android:name="androidx.core.content.FileProvider"
277-->src\main\AndroidManifest.xml:248:13-62
278            android:authorities="com.twinslooktm.twinslooktmapp.provider"
278-->src\main\AndroidManifest.xml:249:13-60
279            android:exported="false"
279-->src\main\AndroidManifest.xml:250:13-37
280            android:grantUriPermissions="true" >
280-->src\main\AndroidManifest.xml:251:13-47
281
282            <!-- &lt;!&ndash;            <meta-data&ndash;&gt; -->
283            <!-- &lt;!&ndash;                android:name="android.support.FILE_PROVIDER_PATHS"&ndash;&gt; -->
284            <!-- &lt;!&ndash;                android:resource="@xml/provider_paths" />&ndash;&gt; -->
285            <meta-data
285-->[com.opensooq.supernova:gligar:1.1.0] AndroidManifest.xml:27:13-29:54
286                android:name="android.support.FILE_PROVIDER_PATHS"
286-->[com.opensooq.supernova:gligar:1.1.0] AndroidManifest.xml:28:17-67
287                android:resource="@xml/file_paths" />
287-->[com.opensooq.supernova:gligar:1.1.0] AndroidManifest.xml:29:17-51
288        </provider>
289
290        <activity
290-->[com.mapbox.mapboxsdk:mapbox-android-plugin-places-v8:0.9.0] AndroidManifest.xml:10:9-14:68
291            android:name="com.mapbox.mapboxsdk.plugins.places.autocomplete.ui.PlaceAutocompleteActivity"
291-->[com.mapbox.mapboxsdk:mapbox-android-plugin-places-v8:0.9.0] AndroidManifest.xml:11:13-105
292            android:configChanges="keyboard|keyboardHidden|orientation|screenLayout|uiMode|screenSize|smallestScreenSize"
292-->[com.mapbox.mapboxsdk:mapbox-android-plugin-places-v8:0.9.0] AndroidManifest.xml:12:13-122
293            android:theme="@style/mapbox_plugins_translucent"
293-->[com.mapbox.mapboxsdk:mapbox-android-plugin-places-v8:0.9.0] AndroidManifest.xml:13:13-62
294            android:windowSoftInputMode="stateVisible|adjustPan" />
294-->[com.mapbox.mapboxsdk:mapbox-android-plugin-places-v8:0.9.0] AndroidManifest.xml:14:13-65
295        <activity
295-->[com.mapbox.mapboxsdk:mapbox-android-plugin-places-v8:0.9.0] AndroidManifest.xml:15:9-17:125
296            android:name="com.mapbox.mapboxsdk.plugins.places.picker.ui.PlacePickerActivity"
296-->[com.mapbox.mapboxsdk:mapbox-android-plugin-places-v8:0.9.0] AndroidManifest.xml:16:13-93
297            android:configChanges="keyboard|keyboardHidden|orientation|screenLayout|uiMode|screenSize|smallestScreenSize" />
297-->[com.mapbox.mapboxsdk:mapbox-android-plugin-places-v8:0.9.0] AndroidManifest.xml:17:13-122
298        <activity android:name="com.facebook.CustomTabMainActivity" />
298-->[com.facebook.android:facebook-common:7.0.0] AndroidManifest.xml:34:9-71
298-->[com.facebook.android:facebook-common:7.0.0] AndroidManifest.xml:34:19-68
299        <activity
299-->[com.opensooq.supernova:gligar:1.1.0] AndroidManifest.xml:17:9-20:47
300            android:name="com.opensooq.supernova.gligar.ui.ImagePickerActivity"
300-->[com.opensooq.supernova:gligar:1.1.0] AndroidManifest.xml:18:13-80
301            android:screenOrientation="portrait"
301-->[com.opensooq.supernova:gligar:1.1.0] AndroidManifest.xml:19:13-49
302            android:theme="@style/LibTheme" />
302-->[com.opensooq.supernova:gligar:1.1.0] AndroidManifest.xml:20:13-44
303        <activity
303-->[com.stripe:stripe-android:6.1.2] AndroidManifest.xml:12:9-16:20